<?xml version="1.0" encoding="UTF-8"?>
<!-- Generated by org.testng.reporters.JUnitReportReporter -->
<testsuite hostname="MACPK-WKS-0312" failures="0" tests="1" name="testCases.TC_001AccountRegistrationTest" time="2.434" errors="0" timestamp="2025-10-01T09:07:20 PKT" skipped="0">
  <testcase classname="testCases.TC_001AccountRegistrationTest" name="accountVerification" time="2.434"/>
</testsuite> <!-- testCases.TC_001AccountRegistrationTest -->
