<?xml version="1.0" encoding="UTF-8"?>
<!-- Generated by org.testng.reporters.JUnitReportReporter -->
<testsuite hostname="MACPK-WKS-0312" failures="0" tests="1" name="testCases.TC_002AccountLoginTest" time="1.970" errors="0" timestamp="2025-10-01T09:26:45 PKT" skipped="0">
  <testcase classname="testCases.TC_002AccountLoginTest" name="accountLogin" time="1.970"/>
</testsuite> <!-- testCases.TC_002AccountLoginTest -->
